<?xml version="1.0" encoding="UTF-8"?>
<testsuite name="booleansExercise1.TestBooleansExercise1" tests="3" skipped="0" failures="0" errors="0" timestamp="2024-09-20T10:56:59" hostname="chaeseungmin-ui-MacBookPro.local" time="0.003">
  <properties/>
  <testcase name="testA" classname="booleansExercise1.TestBooleansExercise1" time="0.003"/>
  <testcase name="testB" classname="booleansExercise1.TestBooleansExercise1" time="0.0"/>
  <testcase name="testC" classname="booleansExercise1.TestBooleansExercise1" time="0.0"/>
  <system-out><![CDATA[]]></system-out>
  <system-err><![CDATA[]]></system-err>
</testsuite>
