<?xml version="1.0" encoding="UTF-8"?>
<testsuite name="booleansExercise2.TestBooleansExercise2" tests="2" skipped="0" failures="0" errors="0" timestamp="2024-09-22T10:19:22" hostname="chaeseungmin-ui-MacBookPro.local" time="0.143">
  <properties/>
  <testcase name="test1ShowFunctions" classname="booleansExercise2.TestBooleansExercise2" time="0.142"/>
  <testcase name="test2Table" classname="booleansExercise2.TestBooleansExercise2" time="0.001"/>
  <system-out><![CDATA[]]></system-out>
  <system-err><![CDATA[]]></system-err>
</testsuite>
